Using pre-set license
Built from '2021.1/staging' branch; Version is '2021.1.7f1 (d91830b65d9b) revision 14227504'; Using compiler version '192528614'; Build Type 'Release'
OS: 'Windows 10 Education; OS build 18363.1500; Version 1909; 64bit' Language: 'sv' Physical Memory: 8143 MB
BatchMode: 1, IsHumanControllingUs: 0, StartBugReporterOnCrash: 0, Is64bit: 1, IsPro: 0

 COMMAND LINE ARGUMENTS:
C:\Program Files (x86)\2021.1.7f1\Editor\Unity.exe
-adb2
-batchMode
-noUpm
-name
AssetImportWorker0
-projectPath
D:/NancyDrewCrew/Repos/SpaceGame/spacegame/SpaceGame
-logFile
Logs/AssetImportWorker0.log
-srvPort
58054
Successfully changed project path to: D:/NancyDrewCrew/Repos/SpaceGame/spacegame/SpaceGame
D:/NancyDrewCrew/Repos/SpaceGame/spacegame/SpaceGame
Using Asset Import Pipeline V2.
Refreshing native plugins compatible for Editor in 87.55 ms, found 1 plugins.
Preloading 0 native plugins for Editor in 0.00 ms.
Initialize engine version: 2021.1.7f1 (d91830b65d9b)
[Subsystems] Discovering subsystems at path C:/Program Files (x86)/2021.1.7f1/Editor/Data/Resources/UnitySubsystems
[Subsystems] Discovering subsystems at path D:/NancyDrewCrew/Repos/SpaceGame/spacegame/SpaceGame/Assets
GfxDevice: creating device client; threaded=0; jobified=0
Direct3D:
    Version:  Direct3D 11.0 [level 11.1]
    Renderer: NVIDIA GeForce GTX 1060 3GB (ID=0x1c02)
    Vendor:   NVIDIA
    VRAM:     2988 MB
    Driver:   27.21.14.6611
Initialize mono
Mono path[0] = 'C:/Program Files (x86)/2021.1.7f1/Editor/Data/Managed'
Mono path[1] = 'C:/Program Files (x86)/2021.1.7f1/Editor/Data/MonoBleedingEdge/lib/mono/unityjit'
Mono config path = 'C:/Program Files (x86)/2021.1.7f1/Editor/Data/MonoBleedingEdge/etc'
Using monoOptions --debugger-agent=transport=dt_socket,embedding=1,server=y,suspend=n,address=127.0.0.1:56884
Begin MonoManager ReloadAssembly
Registering precompiled unity dll's ...
Register platform support module: C:/Program Files (x86)/2021.1.7f1/Editor/Data/PlaybackEngines/WindowsStandaloneSupport/UnityEditor.WindowsStandalone.Extensions.dll
Registered in 0.004638 seconds.
Native extension for WindowsStandalone target not found
Refreshing native plugins compatible for Editor in 87.01 ms, found 1 plugins.
Preloading 0 native plugins for Editor in 0.00 ms.
Mono: successfully reloaded assembly
- Completed reload, in  2.819 seconds
Platform modules already initialized, skipping
Registering precompiled user dll's ...
Registered in 0.042976 seconds.
Begin MonoManager ReloadAssembly
Symbol file LoadedFromMemory doesn't match image D:\NancyDrewCrew\Repos\SpaceGame\spacegame\SpaceGame\Library\PackageCache\com.unity.visualscripting@1.6.1\Editor\VisualScripting.Core\Dependencies\YamlDotNet\Unity.VisualScripting.YamlDotNet.dll
Symbol file LoadedFromMemory doesn't match image D:\NancyDrewCrew\Repos\SpaceGame\spacegame\SpaceGame\Library\PackageCache\com.unity.visualscripting@1.6.1\Editor\VisualScripting.Core\Dependencies\DotNetZip\Unity.VisualScripting.IonicZip.dll
Native extension for WindowsStandalone target not found
Refreshing native plugins compatible for Editor in 0.58 ms, found 1 plugins.
Preloading 0 native plugins for Editor in 0.00 ms.
Mono: successfully reloaded assembly
- Completed reload, in  1.507 seconds
Platform modules already initialized, skipping
========================================================================
Worker process is ready to serve import requests
Launched and connected shader compiler UnityShaderCompiler.exe after 0.09 seconds
Refreshing native plugins compatible for Editor in 0.65 ms, found 1 plugins.
Preloading 0 native plugins for Editor in 0.00 ms.
Unloading 2666 Unused Serialized files (Serialized files now loaded: 0)
System memory in use before: 98.1 MB.
System memory in use after: 98.3 MB.

Unloading 14 unused Assets to reduce memory usage. Loaded Objects now: 3119.
Total: 2.243300 ms (FindLiveObjects: 0.271900 ms CreateObjectMapping: 0.074300 ms MarkObjects: 1.803700 ms  DeleteObjects: 0.092100 ms)

========================================================================
Received Import Request.
  path: Assets/Scenes/TestScenes
  artifactKey: Guid(c4e0233bff439d44583226898353c5a2) Importer(815301076,1909f56bfc062723c751e8b465ee728b)
Start importing Assets/Scenes/TestScenes using Guid(c4e0233bff439d44583226898353c5a2) Importer(815301076,1909f56bfc062723c751e8b465ee728b)  -> (artifact id: 'd76c91689aee6eab7f50492c17d0c1f8') in 0.055606 seconds 
========================================================================
Received Import Request.
  Time since last request: 60.302603 seconds.
  path: Assets/Scenes/TestScenes/TestScene_Sara.unity
  artifactKey: Guid(7cca93b935b79d64cb3626ce0a349fcf) Importer(815301076,1909f56bfc062723c751e8b465ee728b)
Start importing Assets/Scenes/TestScenes/TestScene_Sara.unity using Guid(7cca93b935b79d64cb3626ce0a349fcf) Importer(815301076,1909f56bfc062723c751e8b465ee728b)  -> (artifact id: '57971798dec9c8f87fc425b7dfbd63dd') in 0.021726 seconds 
========================================================================
Received Import Request.
  Time since last request: 10.759024 seconds.
  path: Assets/Scenes/TestScenes/TestScene_Sofie.unity
  artifactKey: Guid(41b345f5e1042d04cb478d3397d8d60c) Importer(815301076,1909f56bfc062723c751e8b465ee728b)
Start importing Assets/Scenes/TestScenes/TestScene_Sofie.unity using Guid(41b345f5e1042d04cb478d3397d8d60c) Importer(815301076,1909f56bfc062723c751e8b465ee728b)  -> (artifact id: '2e581f96ec8df913c9a8545d94f4ce1a') in 0.009111 seconds 
========================================================================
Received Import Request.
  Time since last request: 14.655792 seconds.
  path: Assets/Scenes/TestScenes/TestScene_Lisa.unity
  artifactKey: Guid(0bb568bb7daf7994a910834702afa58b) Importer(815301076,1909f56bfc062723c751e8b465ee728b)
Start importing Assets/Scenes/TestScenes/TestScene_Lisa.unity using Guid(0bb568bb7daf7994a910834702afa58b) Importer(815301076,1909f56bfc062723c751e8b465ee728b)  -> (artifact id: '7de1a2dc14bcd665c9bca7802c47d87c') in 0.010262 seconds 
========================================================================
Received Import Request.
  Time since last request: 5.487951 seconds.
  path: Assets/Scenes/PlanetOne_Outside.unity
  artifactKey: Guid(8c778402485c4664fb1161c86dafe5bb) Importer(815301076,1909f56bfc062723c751e8b465ee728b)
Start importing Assets/Scenes/PlanetOne_Outside.unity using Guid(8c778402485c4664fb1161c86dafe5bb) Importer(815301076,1909f56bfc062723c751e8b465ee728b)  -> (artifact id: '50aeb24ee634831b0197f3a7f6dd55d7') in 0.008467 seconds 
AssetImportWorkerClient::OnTransportError - code=2 error=End of file
